Analysis & Synthesis report for mcu
Sat Oct 01 23:00:16 2022
Quartus II 64-Bit Version 13.1.0 Build 162 10/23/2013 SJ Web Edition


---------------------
; Table of Contents ;
---------------------
  1. Legal Notice
  2. Analysis & Synthesis Summary
  3. Analysis & Synthesis Settings
  4. Parallel Compilation
  5. Analysis & Synthesis Source Files Read
  6. Analysis & Synthesis Resource Usage Summary
  7. Analysis & Synthesis Resource Utilization by Entity
  8. Analysis & Synthesis RAM Summary
  9. State Machine - |mcu|rs232:f_rs232|TX_code:tx|ps
 10. State Machine - |mcu|rs232:f_rs232|RX_code:rx|ps
 11. Registers Removed During Synthesis
 12. General Register Statistics
 13. Multiplexer Restructuring Statistics (Restructuring Performed)
 14. Source assignments for rs232:f_rs232|RX_code:rx|ram_128x32:RAM|altsyncram:ram[0][31]__1|altsyncram_brd1:auto_generated
 15. Parameter Settings for User Entity Instance: rs232:f_rs232|RX_code:rx
 16. Parameter Settings for User Entity Instance: rs232:f_rs232|RX_code:rx|ram_128x32:RAM|AES:aes|AES_Encrypt:a
 17. Parameter Settings for User Entity Instance: rs232:f_rs232|RX_code:rx|ram_128x32:RAM|AES:aes|AES_Encrypt:a|keyExpansion:ke
 18. Parameter Settings for User Entity Instance: rs232:f_rs232|RX_code:rx|ram_128x32:RAM|AES:aes|AES_Decrypt:a2
 19. Parameter Settings for User Entity Instance: rs232:f_rs232|RX_code:rx|ram_128x32:RAM|AES:aes|AES_Decrypt:a2|keyExpansion:ke
 20. Parameter Settings for User Entity Instance: rs232:f_rs232|RX_code:rx|ram_128x32:RAM|altsyncram:ram[0][31]__1
 21. Parameter Settings for User Entity Instance: rs232:f_rs232|TX_code:tx
 22. altsyncram Parameter Settings by Entity Instance
 23. Port Connectivity Checks: "rs232:f_rs232|RX_code:rx|ram_128x32:RAM|AES:aes"
 24. Port Connectivity Checks: "rs232:f_rs232|RX_code:rx"
 25. Elapsed Time Per Partition
 26. Analysis & Synthesis Messages
 27. Analysis & Synthesis Suppressed Messages



----------------
; Legal Notice ;
----------------
Copyright (C) 1991-2013 Altera Corporation
Your use of Altera Corporation's design tools, logic functions 
and other software and tools, and its AMPP partner logic 
functions, and any output files from any of the foregoing 
(including device programming or simulation files), and any 
associated documentation or information are expressly subject 
to the terms and conditions of the Altera Program License 
Subscription Agreement, Altera MegaCore Function License 
Agreement, or other applicable license agreement, including, 
without limitation, that your use is for the sole purpose of 
programming logic devices manufactured by Altera and sold by 
Altera or its authorized distributors.  Please refer to the 
applicable agreement for further details.



+---------------------------------------------------------------------------------+
; Analysis & Synthesis Summary                                                    ;
+------------------------------------+--------------------------------------------+
; Analysis & Synthesis Status        ; Successful - Sat Oct 01 23:00:16 2022      ;
; Quartus II 64-Bit Version          ; 13.1.0 Build 162 10/23/2013 SJ Web Edition ;
; Revision Name                      ; mcu                                        ;
; Top-level Entity Name              ; mcu                                        ;
; Family                             ; Cyclone III                                ;
; Total logic elements               ; 298                                        ;
;     Total combinational functions  ; 297                                        ;
;     Dedicated logic registers      ; 205                                        ;
; Total registers                    ; 205                                        ;
; Total pins                         ; 54                                         ;
; Total virtual pins                 ; 0                                          ;
; Total memory bits                  ; 4,096                                      ;
; Embedded Multiplier 9-bit elements ; 0                                          ;
; Total PLLs                         ; 0                                          ;
+------------------------------------+--------------------------------------------+


+----------------------------------------------------------------------------------------------------------------------+
; Analysis & Synthesis Settings                                                                                        ;
+----------------------------------------------------------------------------+--------------------+--------------------+
; Option                                                                     ; Setting            ; Default Value      ;
+----------------------------------------------------------------------------+--------------------+--------------------+
; Device                                                                     ; EP3C16F484C6       ;                    ;
; Top-level entity name                                                      ; mcu                ; mcu                ;
; Family name                                                                ; Cyclone III        ; Cyclone IV GX      ;
; Use smart compilation                                                      ; Off                ; Off                ;
; Enable parallel Assembler and TimeQuest Timing Analyzer during compilation ; On                 ; On                 ;
; Enable compact report table                                                ; Off                ; Off                ;
; Restructure Multiplexers                                                   ; Auto               ; Auto               ;
; Create Debugging Nodes for IP Cores                                        ; Off                ; Off                ;
; Preserve fewer node names                                                  ; On                 ; On                 ;
; Disable OpenCore Plus hardware evaluation                                  ; Off                ; Off                ;
; Verilog Version                                                            ; Verilog_2001       ; Verilog_2001       ;
; VHDL Version                                                               ; VHDL_1993          ; VHDL_1993          ;
; State Machine Processing                                                   ; Auto               ; Auto               ;
; Safe State Machine                                                         ; Off                ; Off                ;
; Extract Verilog State Machines                                             ; On                 ; On                 ;
; Extract VHDL State Machines                                                ; On                 ; On                 ;
; Ignore Verilog initial constructs                                          ; Off                ; Off                ;
; Iteration limit for constant Verilog loops                                 ; 5000               ; 5000               ;
; Iteration limit for non-constant Verilog loops                             ; 250                ; 250                ;
; Add Pass-Through Logic to Inferred RAMs                                    ; On                 ; On                 ;
; Infer RAMs from Raw Logic                                                  ; On                 ; On                 ;
; Parallel Synthesis                                                         ; On                 ; On                 ;
; DSP Block Balancing                                                        ; Auto               ; Auto               ;
; NOT Gate Push-Back                                                         ; On                 ; On                 ;
; Power-Up Don't Care                                                        ; On                 ; On                 ;
; Remove Redundant Logic Cells                                               ; Off                ; Off                ;
; Remove Duplicate Registers                                                 ; On                 ; On                 ;
; Ignore CARRY Buffers                                                       ; Off                ; Off                ;
; Ignore CASCADE Buffers                                                     ; Off                ; Off                ;
; Ignore GLOBAL Buffers                                                      ; Off                ; Off                ;
; Ignore ROW GLOBAL Buffers                                                  ; Off                ; Off                ;
; Ignore LCELL Buffers                                                       ; Off                ; Off                ;
; Ignore SOFT Buffers                                                        ; On                 ; On                 ;
; Limit AHDL Integers to 32 Bits                                             ; Off                ; Off                ;
; Optimization Technique                                                     ; Balanced           ; Balanced           ;
; Carry Chain Length                                                         ; 70                 ; 70                 ;
; Auto Carry Chains                                                          ; On                 ; On                 ;
; Auto Open-Drain Pins                                                       ; On                 ; On                 ;
; Perform WYSIWYG Primitive Resynthesis                                      ; Off                ; Off                ;
; Auto ROM Replacement                                                       ; On                 ; On                 ;
; Auto RAM Replacement                                                       ; On                 ; On                 ;
; Auto DSP Block Replacement                                                 ; On                 ; On                 ;
; Auto Shift Register Replacement                                            ; Auto               ; Auto               ;
; Allow Shift Register Merging across Hierarchies                            ; Auto               ; Auto               ;
; Auto Clock Enable Replacement                                              ; On                 ; On                 ;
; Strict RAM Replacement                                                     ; Off                ; Off                ;
; Allow Synchronous Control Signals                                          ; On                 ; On                 ;
; Force Use of Synchronous Clear Signals                                     ; Off                ; Off                ;
; Auto RAM Block Balancing                                                   ; On                 ; On                 ;
; Auto RAM to Logic Cell Conversion                                          ; Off                ; Off                ;
; Auto Resource Sharing                                                      ; Off                ; Off                ;
; Allow Any RAM Size For Recognition                                         ; Off                ; Off                ;
; Allow Any ROM Size For Recognition                                         ; Off                ; Off                ;
; Allow Any Shift Register Size For Recognition                              ; Off                ; Off                ;
; Use LogicLock Constraints during Resource Balancing                        ; On                 ; On                 ;
; Ignore translate_off and synthesis_off directives                          ; Off                ; Off                ;
; Timing-Driven Synthesis                                                    ; On                 ; On                 ;
; Report Parameter Settings                                                  ; On                 ; On                 ;
; Report Source Assignments                                                  ; On                 ; On                 ;
; Report Connectivity Checks                                                 ; On                 ; On                 ;
; Ignore Maximum Fan-Out Assignments                                         ; Off                ; Off                ;
; Synchronization Register Chain Length                                      ; 2                  ; 2                  ;
; PowerPlay Power Optimization                                               ; Normal compilation ; Normal compilation ;
; HDL message level                                                          ; Level2             ; Level2             ;
; Suppress Register Optimization Related Messages                            ; Off                ; Off                ;
; Number of Removed Registers Reported in Synthesis Report                   ; 5000               ; 5000               ;
; Number of Swept Nodes Reported in Synthesis Report                         ; 5000               ; 5000               ;
; Number of Inverted Registers Reported in Synthesis Report                  ; 100                ; 100                ;
; Clock MUX Protection                                                       ; On                 ; On                 ;
; Auto Gated Clock Conversion                                                ; Off                ; Off                ;
; Block Design Naming                                                        ; Auto               ; Auto               ;
; SDC constraint protection                                                  ; Off                ; Off                ;
; Synthesis Effort                                                           ; Auto               ; Auto               ;
; Shift Register Replacement - Allow Asynchronous Clear Signal               ; On                 ; On                 ;
; Pre-Mapping Resynthesis Optimization                                       ; Off                ; Off                ;
; Analysis & Synthesis Message Level                                         ; Medium             ; Medium             ;
; Disable Register Merging Across Hierarchies                                ; Auto               ; Auto               ;
; Resource Aware Inference For Block RAM                                     ; On                 ; On                 ;
; Synthesis Seed                                                             ; 1                  ; 1                  ;
+----------------------------------------------------------------------------+--------------------+--------------------+


+------------------------------------------+
; Parallel Compilation                     ;
+----------------------------+-------------+
; Processors                 ; Number      ;
+----------------------------+-------------+
; Number detected on machine ; 8           ;
; Maximum allowed            ; 4           ;
;                            ;             ;
; Average used               ; 1.00        ;
; Maximum used               ; 1           ;
;                            ;             ;
; Usage by Processor         ; % Time Used ;
;     Processor 1            ; 100.0%      ;
;     Processors 2-8         ;   0.0%      ;
+----------------------------+-------------+


+--------------------------------------------------------------------------------------------------------------------------------------------------------------------+
; Analysis & Synthesis Source Files Read                                                                                                                             ;
+----------------------------------+-----------------+------------------------------+----------------------------------------------------------------------+---------+
; File Name with User-Entered Path ; Used in Netlist ; File Type                    ; File Name with Absolute Path                                         ; Library ;
+----------------------------------+-----------------+------------------------------+----------------------------------------------------------------------+---------+
; subBytes.v                       ; yes             ; User Verilog HDL File        ; E:/user/just/Documents/GitHub/rs232_AES/de0/subBytes.v               ;         ;
; shiftRows.v                      ; yes             ; User Verilog HDL File        ; E:/user/just/Documents/GitHub/rs232_AES/de0/shiftRows.v              ;         ;
; sbox.v                           ; yes             ; User Verilog HDL File        ; E:/user/just/Documents/GitHub/rs232_AES/de0/sbox.v                   ;         ;
; mixColumns.v                     ; yes             ; User Verilog HDL File        ; E:/user/just/Documents/GitHub/rs232_AES/de0/mixColumns.v             ;         ;
; keyExpansion.v                   ; yes             ; User Verilog HDL File        ; E:/user/just/Documents/GitHub/rs232_AES/de0/keyExpansion.v           ;         ;
; inverseSubBytes.v                ; yes             ; User Verilog HDL File        ; E:/user/just/Documents/GitHub/rs232_AES/de0/inverseSubBytes.v        ;         ;
; inverseShiftRows.v               ; yes             ; User Verilog HDL File        ; E:/user/just/Documents/GitHub/rs232_AES/de0/inverseShiftRows.v       ;         ;
; inverseSbox.v                    ; yes             ; User Verilog HDL File        ; E:/user/just/Documents/GitHub/rs232_AES/de0/inverseSbox.v            ;         ;
; inverseMixColumns.v              ; yes             ; User Verilog HDL File        ; E:/user/just/Documents/GitHub/rs232_AES/de0/inverseMixColumns.v      ;         ;
; encryptRound.v                   ; yes             ; User Verilog HDL File        ; E:/user/just/Documents/GitHub/rs232_AES/de0/encryptRound.v           ;         ;
; decryptRound.v                   ; yes             ; User Verilog HDL File        ; E:/user/just/Documents/GitHub/rs232_AES/de0/decryptRound.v           ;         ;
; AES_Encrypt.v                    ; yes             ; User Verilog HDL File        ; E:/user/just/Documents/GitHub/rs232_AES/de0/AES_Encrypt.v            ;         ;
; AES_Decrypt.v                    ; yes             ; User Verilog HDL File        ; E:/user/just/Documents/GitHub/rs232_AES/de0/AES_Decrypt.v            ;         ;
; AES.v                            ; yes             ; User Verilog HDL File        ; E:/user/just/Documents/GitHub/rs232_AES/de0/AES.v                    ;         ;
; addRoundKey.v                    ; yes             ; User Verilog HDL File        ; E:/user/just/Documents/GitHub/rs232_AES/de0/addRoundKey.v            ;         ;
; ram_128x32.v                     ; yes             ; User Verilog HDL File        ; E:/user/just/Documents/GitHub/rs232_AES/de0/ram_128x32.v             ;         ;
; TX_code.v                        ; yes             ; User Verilog HDL File        ; E:/user/just/Documents/GitHub/rs232_AES/de0/TX_code.v                ;         ;
; RX_code.v                        ; yes             ; User Verilog HDL File        ; E:/user/just/Documents/GitHub/rs232_AES/de0/RX_code.v                ;         ;
; rs232.v                          ; yes             ; User Verilog HDL File        ; E:/user/just/Documents/GitHub/rs232_AES/de0/rs232.v                  ;         ;
; mcu.v                            ; yes             ; User Verilog HDL File        ; E:/user/just/Documents/GitHub/rs232_AES/de0/mcu.v                    ;         ;
; altsyncram.tdf                   ; yes             ; Megafunction                 ; c:/users/taiju/quartus/libraries/megafunctions/altsyncram.tdf        ;         ;
; stratix_ram_block.inc            ; yes             ; Megafunction                 ; c:/users/taiju/quartus/libraries/megafunctions/stratix_ram_block.inc ;         ;
; lpm_mux.inc                      ; yes             ; Megafunction                 ; c:/users/taiju/quartus/libraries/megafunctions/lpm_mux.inc           ;         ;
; lpm_decode.inc                   ; yes             ; Megafunction                 ; c:/users/taiju/quartus/libraries/megafunctions/lpm_decode.inc        ;         ;
; aglobal131.inc                   ; yes             ; Megafunction                 ; c:/users/taiju/quartus/libraries/megafunctions/aglobal131.inc        ;         ;
; a_rdenreg.inc                    ; yes             ; Megafunction                 ; c:/users/taiju/quartus/libraries/megafunctions/a_rdenreg.inc         ;         ;
; altrom.inc                       ; yes             ; Megafunction                 ; c:/users/taiju/quartus/libraries/megafunctions/altrom.inc            ;         ;
; altram.inc                       ; yes             ; Megafunction                 ; c:/users/taiju/quartus/libraries/megafunctions/altram.inc            ;         ;
; altdpram.inc                     ; yes             ; Megafunction                 ; c:/users/taiju/quartus/libraries/megafunctions/altdpram.inc          ;         ;
; db/altsyncram_brd1.tdf           ; yes             ; Auto-Generated Megafunction  ; E:/user/just/Documents/GitHub/rs232_AES/de0/db/altsyncram_brd1.tdf   ;         ;
+----------------------------------+-----------------+------------------------------+----------------------------------------------------------------------+---------+


+---------------------------------------------------------+
; Analysis & Synthesis Resource Usage Summary             ;
+---------------------------------------------+-----------+
; Resource                                    ; Usage     ;
+---------------------------------------------+-----------+
; Estimated Total logic elements              ; 298       ;
;                                             ;           ;
; Total combinational functions               ; 297       ;
; Logic element usage by number of LUT inputs ;           ;
;     -- 4 input functions                    ; 177       ;
;     -- 3 input functions                    ; 31        ;
;     -- <=2 input functions                  ; 89        ;
;                                             ;           ;
; Logic elements by mode                      ;           ;
;     -- normal mode                          ; 225       ;
;     -- arithmetic mode                      ; 72        ;
;                                             ;           ;
; Total registers                             ; 205       ;
;     -- Dedicated logic registers            ; 205       ;
;     -- I/O registers                        ; 0         ;
;                                             ;           ;
; I/O pins                                    ; 54        ;
; Total memory bits                           ; 4096      ;
; Embedded Multiplier 9-bit elements          ; 0         ;
; Maximum fan-out node                        ; CLK~input ;
; Maximum fan-out                             ; 237       ;
; Total fan-out                               ; 2031      ;
; Average fan-out                             ; 3.16      ;
+---------------------------------------------+-----------+


+-----------------------------------------------------------------------------------------------------------------------------------------------------------------------------------------------------------------------------------------------------------------------------------+
; Analysis & Synthesis Resource Utilization by Entity                                                                                                                                                                                                                               ;
+-------------------------------------------------+-------------------+--------------+-------------+--------------+---------+-----------+------+--------------+------------------------------------------------------------------------------------------------------+--------------+
; Compilation Hierarchy Node                      ; LC Combinationals ; LC Registers ; Memory Bits ; DSP Elements ; DSP 9x9 ; DSP 18x18 ; Pins ; Virtual Pins ; Full Hierarchy Name                                                                                  ; Library Name ;
+-------------------------------------------------+-------------------+--------------+-------------+--------------+---------+-----------+------+--------------+------------------------------------------------------------------------------------------------------+--------------+
; |mcu                                            ; 297 (0)           ; 205 (0)      ; 4096        ; 0            ; 0       ; 0         ; 54   ; 0            ; |mcu                                                                                                 ; work         ;
;    |rs232:f_rs232|                              ; 297 (25)          ; 205 (8)      ; 4096        ; 0            ; 0       ; 0         ; 0    ; 0            ; |mcu|rs232:f_rs232                                                                                   ; work         ;
;       |RX_code:rx|                              ; 191 (191)         ; 130 (130)    ; 4096        ; 0            ; 0       ; 0         ; 0    ; 0            ; |mcu|rs232:f_rs232|RX_code:rx                                                                        ; work         ;
;          |ram_128x32:RAM|                       ; 0 (0)             ; 0 (0)        ; 4096        ; 0            ; 0       ; 0         ; 0    ; 0            ; |mcu|rs232:f_rs232|RX_code:rx|ram_128x32:RAM                                                         ; work         ;
;             |altsyncram:ram[0][31]__1|          ; 0 (0)             ; 0 (0)        ; 4096        ; 0            ; 0       ; 0         ; 0    ; 0            ; |mcu|rs232:f_rs232|RX_code:rx|ram_128x32:RAM|altsyncram:ram[0][31]__1                                ; work         ;
;                |altsyncram_brd1:auto_generated| ; 0 (0)             ; 0 (0)        ; 4096        ; 0            ; 0       ; 0         ; 0    ; 0            ; |mcu|rs232:f_rs232|RX_code:rx|ram_128x32:RAM|altsyncram:ram[0][31]__1|altsyncram_brd1:auto_generated ; work         ;
;       |TX_code:tx|                              ; 81 (81)           ; 67 (67)      ; 0           ; 0            ; 0       ; 0         ; 0    ; 0            ; |mcu|rs232:f_rs232|TX_code:tx                                                                        ; work         ;
+-------------------------------------------------+-------------------+--------------+-------------+--------------+---------+-----------+------+--------------+------------------------------------------------------------------------------------------------------+--------------+
Note: For table entries with two numbers listed, the numbers in parentheses indicate the number of resources of the given type used by the specific entity alone. The numbers listed outside of parentheses indicate the total resources of the given type used by the specific entity and all of its sub-entities in the hierarchy.


+----------------------------------------------------------------------------------------------------------------------------------------------------------------------------------------------------------------+
; Analysis & Synthesis RAM Summary                                                                                                                                                                               ;
+------------------------------------------------------------------------------------------------------------+------+------------------+--------------+--------------+--------------+--------------+------+------+
; Name                                                                                                       ; Type ; Mode             ; Port A Depth ; Port A Width ; Port B Depth ; Port B Width ; Size ; MIF  ;
+------------------------------------------------------------------------------------------------------------+------+------------------+--------------+--------------+--------------+--------------+------+------+
; rs232:f_rs232|RX_code:rx|ram_128x32:RAM|altsyncram:ram[0][31]__1|altsyncram_brd1:auto_generated|ALTSYNCRAM ; AUTO ; Simple Dual Port ; 128          ; 32           ; 128          ; 32           ; 4096 ; None ;
+------------------------------------------------------------------------------------------------------------+------+------------------+--------------+--------------+--------------+--------------+------+------+


Encoding Type:  One-Hot
+---------------------------------------------------------------------------------------+
; State Machine - |mcu|rs232:f_rs232|TX_code:tx|ps                                      ;
+-------+-------+-------+-------+-------+-------+-------+-------+-------+-------+-------+
; Name  ; ps.T9 ; ps.T8 ; ps.T7 ; ps.T6 ; ps.T5 ; ps.T4 ; ps.T3 ; ps.T2 ; ps.T1 ; ps.T0 ;
+-------+-------+-------+-------+-------+-------+-------+-------+-------+-------+-------+
; ps.T0 ; 0     ; 0     ; 0     ; 0     ; 0     ; 0     ; 0     ; 0     ; 0     ; 0     ;
; ps.T1 ; 0     ; 0     ; 0     ; 0     ; 0     ; 0     ; 0     ; 0     ; 1     ; 1     ;
; ps.T2 ; 0     ; 0     ; 0     ; 0     ; 0     ; 0     ; 0     ; 1     ; 0     ; 1     ;
; ps.T3 ; 0     ; 0     ; 0     ; 0     ; 0     ; 0     ; 1     ; 0     ; 0     ; 1     ;
; ps.T4 ; 0     ; 0     ; 0     ; 0     ; 0     ; 1     ; 0     ; 0     ; 0     ; 1     ;
; ps.T5 ; 0     ; 0     ; 0     ; 0     ; 1     ; 0     ; 0     ; 0     ; 0     ; 1     ;
; ps.T6 ; 0     ; 0     ; 0     ; 1     ; 0     ; 0     ; 0     ; 0     ; 0     ; 1     ;
; ps.T7 ; 0     ; 0     ; 1     ; 0     ; 0     ; 0     ; 0     ; 0     ; 0     ; 1     ;
; ps.T8 ; 0     ; 1     ; 0     ; 0     ; 0     ; 0     ; 0     ; 0     ; 0     ; 1     ;
; ps.T9 ; 1     ; 0     ; 0     ; 0     ; 0     ; 0     ; 0     ; 0     ; 0     ; 1     ;
+-------+-------+-------+-------+-------+-------+-------+-------+-------+-------+-------+


Encoding Type:  One-Hot
+---------------------------------------------------------------------------------------+
; State Machine - |mcu|rs232:f_rs232|RX_code:rx|ps                                      ;
+-------+-------+-------+-------+-------+-------+-------+-------+-------+-------+-------+
; Name  ; ps.T9 ; ps.T8 ; ps.T7 ; ps.T6 ; ps.T5 ; ps.T4 ; ps.T3 ; ps.T2 ; ps.T1 ; ps.T0 ;
+-------+-------+-------+-------+-------+-------+-------+-------+-------+-------+-------+
; ps.T0 ; 0     ; 0     ; 0     ; 0     ; 0     ; 0     ; 0     ; 0     ; 0     ; 0     ;
; ps.T1 ; 0     ; 0     ; 0     ; 0     ; 0     ; 0     ; 0     ; 0     ; 1     ; 1     ;
; ps.T2 ; 0     ; 0     ; 0     ; 0     ; 0     ; 0     ; 0     ; 1     ; 0     ; 1     ;
; ps.T3 ; 0     ; 0     ; 0     ; 0     ; 0     ; 0     ; 1     ; 0     ; 0     ; 1     ;
; ps.T4 ; 0     ; 0     ; 0     ; 0     ; 0     ; 1     ; 0     ; 0     ; 0     ; 1     ;
; ps.T5 ; 0     ; 0     ; 0     ; 0     ; 1     ; 0     ; 0     ; 0     ; 0     ; 1     ;
; ps.T6 ; 0     ; 0     ; 0     ; 1     ; 0     ; 0     ; 0     ; 0     ; 0     ; 1     ;
; ps.T7 ; 0     ; 0     ; 1     ; 0     ; 0     ; 0     ; 0     ; 0     ; 0     ; 1     ;
; ps.T8 ; 0     ; 1     ; 0     ; 0     ; 0     ; 0     ; 0     ; 0     ; 0     ; 1     ;
; ps.T9 ; 1     ; 0     ; 0     ; 0     ; 0     ; 0     ; 0     ; 0     ; 0     ; 1     ;
+-------+-------+-------+-------+-------+-------+-------+-------+-------+-------+-------+


+------------------------------------------------------------+
; Registers Removed During Synthesis                         ;
+---------------------------------------+--------------------+
; Register name                         ; Reason for Removal ;
+---------------------------------------+--------------------+
; rs232:f_rs232|TX_code:tx|ps~2         ; Lost fanout        ;
; rs232:f_rs232|TX_code:tx|ps~3         ; Lost fanout        ;
; rs232:f_rs232|TX_code:tx|ps~4         ; Lost fanout        ;
; rs232:f_rs232|TX_code:tx|ps~5         ; Lost fanout        ;
; rs232:f_rs232|RX_code:rx|ps~2         ; Lost fanout        ;
; rs232:f_rs232|RX_code:rx|ps~3         ; Lost fanout        ;
; rs232:f_rs232|RX_code:rx|ps~4         ; Lost fanout        ;
; rs232:f_rs232|RX_code:rx|ps~5         ; Lost fanout        ;
; Total Number of Removed Registers = 8 ;                    ;
+---------------------------------------+--------------------+


+------------------------------------------------------+
; General Register Statistics                          ;
+----------------------------------------------+-------+
; Statistic                                    ; Value ;
+----------------------------------------------+-------+
; Total registers                              ; 205   ;
; Number of registers using Synchronous Clear  ; 100   ;
; Number of registers using Synchronous Load   ; 0     ;
; Number of registers using Asynchronous Clear ; 0     ;
; Number of registers using Asynchronous Load  ; 0     ;
; Number of registers using Clock Enable       ; 136   ;
; Number of registers using Preset             ; 0     ;
+----------------------------------------------+-------+


+-------------------------------------------------------------------------------------------------------------------------------------------------------------+
; Multiplexer Restructuring Statistics (Restructuring Performed)                                                                                              ;
+--------------------+-----------+---------------+----------------------+------------------------+------------+-----------------------------------------------+
; Multiplexer Inputs ; Bus Width ; Baseline Area ; Area if Restructured ; Saving if Restructured ; Registered ; Example Multiplexer Output                    ;
+--------------------+-----------+---------------+----------------------+------------------------+------------+-----------------------------------------------+
; 3:1                ; 5 bits    ; 10 LEs        ; 5 LEs                ; 5 LEs                  ; Yes        ; |mcu|rs232:f_rs232|TX_code:tx|cnt_tx_bits[4]  ;
; 3:1                ; 5 bits    ; 10 LEs        ; 5 LEs                ; 5 LEs                  ; Yes        ; |mcu|rs232:f_rs232|TX_code:tx|cnt_tx_bytes[4] ;
; 3:1                ; 56 bits   ; 112 LEs       ; 56 LEs               ; 56 LEs                 ; Yes        ; |mcu|rs232:f_rs232|RX_code:rx|data_out[32]    ;
; 3:1                ; 5 bits    ; 10 LEs        ; 5 LEs                ; 5 LEs                  ; Yes        ; |mcu|rs232:f_rs232|RX_code:rx|cnt_rx_bits[2]  ;
; 3:1                ; 5 bits    ; 10 LEs        ; 5 LEs                ; 5 LEs                  ; Yes        ; |mcu|rs232:f_rs232|RX_code:rx|cnt_rx_bytes[0] ;
; 3:1                ; 20 bits   ; 40 LEs        ; 20 LEs               ; 20 LEs                 ; Yes        ; |mcu|rs232:f_rs232|RX_code:rx|watch_dog[19]   ;
; 4:1                ; 32 bits   ; 64 LEs        ; 64 LEs               ; 0 LEs                  ; Yes        ; |mcu|rs232:f_rs232|TX_code:tx|data_r[4]       ;
; 13:1               ; 8 bits    ; 64 LEs        ; 24 LEs               ; 40 LEs                 ; Yes        ; |mcu|rs232:f_rs232|port_b_out[0]              ;
; 3:1                ; 2 bits    ; 4 LEs         ; 2 LEs                ; 2 LEs                  ; No         ; |mcu|rs232:f_rs232|RX_code:rx|write_en        ;
+--------------------+-----------+---------------+----------------------+------------------------+------------+-----------------------------------------------+


+------------------------------------------------------------------------------------------------------------------------+
; Source assignments for rs232:f_rs232|RX_code:rx|ram_128x32:RAM|altsyncram:ram[0][31]__1|altsyncram_brd1:auto_generated ;
+---------------------------------+--------------------+------+----------------------------------------------------------+
; Assignment                      ; Value              ; From ; To                                                       ;
+---------------------------------+--------------------+------+----------------------------------------------------------+
; OPTIMIZE_POWER_DURING_SYNTHESIS ; NORMAL_COMPILATION ; -    ; -                                                        ;
+---------------------------------+--------------------+------+----------------------------------------------------------+


+-----------------------------------------------------------------------+
; Parameter Settings for User Entity Instance: rs232:f_rs232|RX_code:rx ;
+----------------+-------+----------------------------------------------+
; Parameter Name ; Value ; Type                                         ;
+----------------+-------+----------------------------------------------+
; T0             ; 0     ; Signed Integer                               ;
; T1             ; 1     ; Signed Integer                               ;
; T2             ; 2     ; Signed Integer                               ;
; T3             ; 3     ; Signed Integer                               ;
; T4             ; 4     ; Signed Integer                               ;
; T5             ; 5     ; Signed Integer                               ;
; T6             ; 6     ; Signed Integer                               ;
; T7             ; 7     ; Signed Integer                               ;
; T8             ; 8     ; Signed Integer                               ;
; T9             ; 9     ; Signed Integer                               ;
; T10            ; 10    ; Signed Integer                               ;
+----------------+-------+----------------------------------------------+
Note: In order to hide this table in the UI and the text report file, please set the "Show Parameter Settings in Synthesis Report" option in "Analysis and Synthesis Settings -> More Settings" to "Off".


+------------------------------------------------------------------------------------------------------------+
; Parameter Settings for User Entity Instance: rs232:f_rs232|RX_code:rx|ram_128x32:RAM|AES:aes|AES_Encrypt:a ;
+----------------+-------+-----------------------------------------------------------------------------------+
; Parameter Name ; Value ; Type                                                                              ;
+----------------+-------+-----------------------------------------------------------------------------------+
; N              ; 128   ; Signed Integer                                                                    ;
; Nr             ; 10    ; Signed Integer                                                                    ;
; Nk             ; 4     ; Signed Integer                                                                    ;
+----------------+-------+-----------------------------------------------------------------------------------+
Note: In order to hide this table in the UI and the text report file, please set the "Show Parameter Settings in Synthesis Report" option in "Analysis and Synthesis Settings -> More Settings" to "Off".


+----------------------------------------------------------------------------------------------------------------------------+
; Parameter Settings for User Entity Instance: rs232:f_rs232|RX_code:rx|ram_128x32:RAM|AES:aes|AES_Encrypt:a|keyExpansion:ke ;
+----------------+-------+---------------------------------------------------------------------------------------------------+
; Parameter Name ; Value ; Type                                                                                              ;
+----------------+-------+---------------------------------------------------------------------------------------------------+
; nk             ; 4     ; Signed Integer                                                                                    ;
; nr             ; 10    ; Signed Integer                                                                                    ;
+----------------+-------+---------------------------------------------------------------------------------------------------+
Note: In order to hide this table in the UI and the text report file, please set the "Show Parameter Settings in Synthesis Report" option in "Analysis and Synthesis Settings -> More Settings" to "Off".


+-------------------------------------------------------------------------------------------------------------+
; Parameter Settings for User Entity Instance: rs232:f_rs232|RX_code:rx|ram_128x32:RAM|AES:aes|AES_Decrypt:a2 ;
+----------------+-------+------------------------------------------------------------------------------------+
; Parameter Name ; Value ; Type                                                                               ;
+----------------+-------+------------------------------------------------------------------------------------+
; N              ; 128   ; Signed Integer                                                                     ;
; Nr             ; 10    ; Signed Integer                                                                     ;
; Nk             ; 4     ; Signed Integer                                                                     ;
+----------------+-------+------------------------------------------------------------------------------------+
Note: In order to hide this table in the UI and the text report file, please set the "Show Parameter Settings in Synthesis Report" option in "Analysis and Synthesis Settings -> More Settings" to "Off".


+-----------------------------------------------------------------------------------------------------------------------------+
; Parameter Settings for User Entity Instance: rs232:f_rs232|RX_code:rx|ram_128x32:RAM|AES:aes|AES_Decrypt:a2|keyExpansion:ke ;
+----------------+-------+----------------------------------------------------------------------------------------------------+
; Parameter Name ; Value ; Type                                                                                               ;
+----------------+-------+----------------------------------------------------------------------------------------------------+
; nk             ; 4     ; Signed Integer                                                                                     ;
; nr             ; 10    ; Signed Integer                                                                                     ;
+----------------+-------+----------------------------------------------------------------------------------------------------+
Note: In order to hide this table in the UI and the text report file, please set the "Show Parameter Settings in Synthesis Report" option in "Analysis and Synthesis Settings -> More Settings" to "Off".


+---------------------------------------------------------------------------------------------------------------+
; Parameter Settings for User Entity Instance: rs232:f_rs232|RX_code:rx|ram_128x32:RAM|altsyncram:ram[0][31]__1 ;
+------------------------------------+----------------------+---------------------------------------------------+
; Parameter Name                     ; Value                ; Type                                              ;
+------------------------------------+----------------------+---------------------------------------------------+
; BYTE_SIZE_BLOCK                    ; 8                    ; Untyped                                           ;
; AUTO_CARRY_CHAINS                  ; ON                   ; AUTO_CARRY                                        ;
; IGNORE_CARRY_BUFFERS               ; OFF                  ; IGNORE_CARRY                                      ;
; AUTO_CASCADE_CHAINS                ; ON                   ; AUTO_CASCADE                                      ;
; IGNORE_CASCADE_BUFFERS             ; OFF                  ; IGNORE_CASCADE                                    ;
; WIDTH_BYTEENA                      ; 1                    ; Untyped                                           ;
; OPERATION_MODE                     ; DUAL_PORT            ; Untyped                                           ;
; WIDTH_A                            ; 32                   ; Untyped                                           ;
; WIDTHAD_A                          ; 7                    ; Untyped                                           ;
; NUMWORDS_A                         ; 128                  ; Untyped                                           ;
; OUTDATA_REG_A                      ; UNREGISTERED         ; Untyped                                           ;
; ADDRESS_ACLR_A                     ; NONE                 ; Untyped                                           ;
; OUTDATA_ACLR_A                     ; NONE                 ; Untyped                                           ;
; WRCONTROL_ACLR_A                   ; NONE                 ; Untyped                                           ;
; INDATA_ACLR_A                      ; NONE                 ; Untyped                                           ;
; BYTEENA_ACLR_A                     ; NONE                 ; Untyped                                           ;
; WIDTH_B                            ; 32                   ; Untyped                                           ;
; WIDTHAD_B                          ; 7                    ; Untyped                                           ;
; NUMWORDS_B                         ; 128                  ; Untyped                                           ;
; INDATA_REG_B                       ; CLOCK1               ; Untyped                                           ;
; WRCONTROL_WRADDRESS_REG_B          ; CLOCK1               ; Untyped                                           ;
; RDCONTROL_REG_B                    ; CLOCK1               ; Untyped                                           ;
; ADDRESS_REG_B                      ; CLOCK1               ; Untyped                                           ;
; OUTDATA_REG_B                      ; UNREGISTERED         ; Untyped                                           ;
; BYTEENA_REG_B                      ; CLOCK1               ; Untyped                                           ;
; INDATA_ACLR_B                      ; NONE                 ; Untyped                                           ;
; WRCONTROL_ACLR_B                   ; NONE                 ; Untyped                                           ;
; ADDRESS_ACLR_B                     ; NONE                 ; Untyped                                           ;
; OUTDATA_ACLR_B                     ; NONE                 ; Untyped                                           ;
; RDCONTROL_ACLR_B                   ; NONE                 ; Untyped                                           ;
; BYTEENA_ACLR_B                     ; NONE                 ; Untyped                                           ;
; WIDTH_BYTEENA_A                    ; 1                    ; Untyped                                           ;
; WIDTH_BYTEENA_B                    ; 1                    ; Untyped                                           ;
; RAM_BLOCK_TYPE                     ; AUTO                 ; Untyped                                           ;
; BYTE_SIZE                          ; 8                    ; Untyped                                           ;
; READ_DURING_WRITE_MODE_MIXED_PORTS ; DONT_CARE            ; Untyped                                           ;
; READ_DURING_WRITE_MODE_PORT_A      ; NEW_DATA_NO_NBE_READ ; Untyped                                           ;
; READ_DURING_WRITE_MODE_PORT_B      ; NEW_DATA_NO_NBE_READ ; Untyped                                           ;
; INIT_FILE                          ; UNUSED               ; Untyped                                           ;
; INIT_FILE_LAYOUT                   ; PORT_A               ; Untyped                                           ;
; MAXIMUM_DEPTH                      ; 0                    ; Untyped                                           ;
; CLOCK_ENABLE_INPUT_A               ; NORMAL               ; Untyped                                           ;
; CLOCK_ENABLE_INPUT_B               ; NORMAL               ; Untyped                                           ;
; CLOCK_ENABLE_OUTPUT_A              ; NORMAL               ; Untyped                                           ;
; CLOCK_ENABLE_OUTPUT_B              ; NORMAL               ; Untyped                                           ;
; CLOCK_ENABLE_CORE_A                ; USE_INPUT_CLKEN      ; Untyped                                           ;
; CLOCK_ENABLE_CORE_B                ; USE_INPUT_CLKEN      ; Untyped                                           ;
; ENABLE_ECC                         ; FALSE                ; Untyped                                           ;
; ECC_PIPELINE_STAGE_ENABLED         ; FALSE                ; Untyped                                           ;
; WIDTH_ECCSTATUS                    ; 3                    ; Untyped                                           ;
; DEVICE_FAMILY                      ; Cyclone III          ; Untyped                                           ;
; CBXI_PARAMETER                     ; altsyncram_brd1      ; Untyped                                           ;
+------------------------------------+----------------------+---------------------------------------------------+
Note: In order to hide this table in the UI and the text report file, please set the "Show Parameter Settings in Synthesis Report" option in "Analysis and Synthesis Settings -> More Settings" to "Off".


+-----------------------------------------------------------------------+
; Parameter Settings for User Entity Instance: rs232:f_rs232|TX_code:tx ;
+----------------+-------+----------------------------------------------+
; Parameter Name ; Value ; Type                                         ;
+----------------+-------+----------------------------------------------+
; T0             ; 0     ; Signed Integer                               ;
; T1             ; 1     ; Signed Integer                               ;
; T2             ; 2     ; Signed Integer                               ;
; T3             ; 3     ; Signed Integer                               ;
; T4             ; 4     ; Signed Integer                               ;
; T5             ; 5     ; Signed Integer                               ;
; T6             ; 6     ; Signed Integer                               ;
; T7             ; 7     ; Signed Integer                               ;
; T8             ; 8     ; Signed Integer                               ;
; T9             ; 9     ; Signed Integer                               ;
+----------------+-------+----------------------------------------------+
Note: In order to hide this table in the UI and the text report file, please set the "Show Parameter Settings in Synthesis Report" option in "Analysis and Synthesis Settings -> More Settings" to "Off".


+--------------------------------------------------------------------------------------------------------------+
; altsyncram Parameter Settings by Entity Instance                                                             ;
+-------------------------------------------+------------------------------------------------------------------+
; Name                                      ; Value                                                            ;
+-------------------------------------------+------------------------------------------------------------------+
; Number of entity instances                ; 1                                                                ;
; Entity Instance                           ; rs232:f_rs232|RX_code:rx|ram_128x32:RAM|altsyncram:ram[0][31]__1 ;
;     -- OPERATION_MODE                     ; DUAL_PORT                                                        ;
;     -- WIDTH_A                            ; 32                                                               ;
;     -- NUMWORDS_A                         ; 128                                                              ;
;     -- OUTDATA_REG_A                      ; UNREGISTERED                                                     ;
;     -- WIDTH_B                            ; 32                                                               ;
;     -- NUMWORDS_B                         ; 128                                                              ;
;     -- ADDRESS_REG_B                      ; CLOCK1                                                           ;
;     -- OUTDATA_REG_B                      ; UNREGISTERED                                                     ;
;     -- RAM_BLOCK_TYPE                     ; AUTO                                                             ;
;     -- READ_DURING_WRITE_MODE_MIXED_PORTS ; DONT_CARE                                                        ;
+-------------------------------------------+------------------------------------------------------------------+


+--------------------------------------------------------------------------------------------------------------------+
; Port Connectivity Checks: "rs232:f_rs232|RX_code:rx|ram_128x32:RAM|AES:aes"                                        ;
+----------+--------+----------+-------------------------------------------------------------------------------------+
; Port     ; Type   ; Severity ; Details                                                                             ;
+----------+--------+----------+-------------------------------------------------------------------------------------+
; e128_out ; Output ; Info     ; Connected to dangling logic. Logic that only feeds a dangling port will be removed. ;
; d128     ; Output ; Info     ; Connected to dangling logic. Logic that only feeds a dangling port will be removed. ;
+----------+--------+----------+-------------------------------------------------------------------------------------+


+--------------------------------------------------------------------------------------------------------------------+
; Port Connectivity Checks: "rs232:f_rs232|RX_code:rx"                                                               ;
+----------+--------+----------+-------------------------------------------------------------------------------------+
; Port     ; Type   ; Severity ; Details                                                                             ;
+----------+--------+----------+-------------------------------------------------------------------------------------+
; data_out ; Output ; Info     ; Connected to dangling logic. Logic that only feeds a dangling port will be removed. ;
+----------+--------+----------+-------------------------------------------------------------------------------------+


+-------------------------------+
; Elapsed Time Per Partition    ;
+----------------+--------------+
; Partition Name ; Elapsed Time ;
+----------------+--------------+
; Top            ; 00:00:00     ;
+----------------+--------------+


+-------------------------------+
; Analysis & Synthesis Messages ;
+-------------------------------+
Info: *******************************************************************
Info: Running Quartus II 64-Bit Analysis & Synthesis
    Info: Version 13.1.0 Build 162 10/23/2013 SJ Web Edition
    Info: Processing started: Sat Oct 01 23:00:12 2022
Info: Command: quartus_map --read_settings_files=on --write_settings_files=off mcu -c mcu
Info (11104): Parallel Compilation has detected 8 hyper-threaded processors. However, the extra hyper-threaded processors will not be used by default. Parallel Compilation will use 4 of the 4 physical processors detected instead.
Info (12021): Found 1 design units, including 1 entities, in source file subbytes.v
    Info (12023): Found entity 1: subBytes
Info (12021): Found 1 design units, including 1 entities, in source file shiftrows.v
    Info (12023): Found entity 1: shiftRows
Info (12021): Found 1 design units, including 1 entities, in source file sbox.v
    Info (12023): Found entity 1: sbox
Info (12021): Found 1 design units, including 1 entities, in source file mixcolumns.v
    Info (12023): Found entity 1: mixColumns
Warning (10463): Verilog HDL Declaration warning at keyExpansion.v(14): "new" is SystemVerilog-2005 keyword
Info (12021): Found 1 design units, including 1 entities, in source file keyexpansion.v
    Info (12023): Found entity 1: keyExpansion
Info (12021): Found 1 design units, including 1 entities, in source file inversesubbytes.v
    Info (12023): Found entity 1: inverseSubBytes
Info (12021): Found 1 design units, including 1 entities, in source file inverseshiftrows.v
    Info (12023): Found entity 1: inverseShiftRows
Info (12021): Found 1 design units, including 1 entities, in source file inversesbox.v
    Info (12023): Found entity 1: inverseSbox
Info (12021): Found 1 design units, including 1 entities, in source file inversemixcolumns.v
    Info (12023): Found entity 1: inverseMixColumns
Info (12021): Found 1 design units, including 1 entities, in source file encryptround.v
    Info (12023): Found entity 1: encryptRound
Info (12021): Found 1 design units, including 1 entities, in source file decryptround.v
    Info (12023): Found entity 1: decryptRound
Info (12021): Found 1 design units, including 1 entities, in source file aes_encrypt.v
    Info (12023): Found entity 1: AES_Encrypt
Info (12021): Found 1 design units, including 1 entities, in source file aes_decrypt.v
    Info (12023): Found entity 1: AES_Decrypt
Info (12021): Found 1 design units, including 1 entities, in source file aes_data_tb.v
    Info (12023): Found entity 1: aes_data_tb
Info (12021): Found 1 design units, including 1 entities, in source file aes.v
    Info (12023): Found entity 1: AES
Info (12021): Found 1 design units, including 1 entities, in source file addroundkey.v
    Info (12023): Found entity 1: addRoundKey
Info (12021): Found 1 design units, including 1 entities, in source file ram_128x32.v
    Info (12023): Found entity 1: ram_128x32
Info (12021): Found 1 design units, including 1 entities, in source file tx_code.v
    Info (12023): Found entity 1: TX_code
Info (12021): Found 1 design units, including 1 entities, in source file rx_code.v
    Info (12023): Found entity 1: RX_code
Info (12021): Found 1 design units, including 1 entities, in source file rs232.v
    Info (12023): Found entity 1: rs232
Info (12021): Found 1 design units, including 1 entities, in source file mcu.v
    Info (12023): Found entity 1: mcu
Warning (10227): Verilog HDL Port Declaration warning at rs232.v(11): data type declaration for "port_b_out" declares packed dimensions but the port declaration declaration does not
Info (10499): HDL info at rs232.v(4): see declaration for object "port_b_out"
Warning (10227): Verilog HDL Port Declaration warning at RX_code.v(132): data type declaration for "data_out" declares packed dimensions but the port declaration declaration does not
Info (10499): HDL info at RX_code.v(4): see declaration for object "data_out"
Warning (10227): Verilog HDL Port Declaration warning at RX_code.v(9): data type declaration for "ram_out" declares packed dimensions but the port declaration declaration does not
Info (10499): HDL info at RX_code.v(4): see declaration for object "ram_out"
Warning (10227): Verilog HDL Port Declaration warning at TX_code.v(7): data type declaration for "data_in" declares packed dimensions but the port declaration declaration does not
Info (10499): HDL info at TX_code.v(4): see declaration for object "data_in"
Info (12127): Elaborating entity "mcu" for the top level hierarchy
Warning (10034): Output port "HEX0" at mcu.v(12) has no driver
Warning (10034): Output port "HEX1" at mcu.v(13) has no driver
Warning (10034): Output port "HEX2" at mcu.v(14) has no driver
Warning (10034): Output port "HEX3" at mcu.v(15) has no driver
Warning (10034): Output port "LED[9..8]" at mcu.v(18) has no driver
Info (12128): Elaborating entity "rs232" for hierarchy "rs232:f_rs232"
Info (12128): Elaborating entity "RX_code" for hierarchy "rs232:f_rs232|RX_code:rx"
Warning (10036): Verilog HDL or VHDL warning at RX_code.v(8): object "load_finish" assigned a value but never read
Warning (10036): Verilog HDL or VHDL warning at RX_code.v(14): object "en" assigned a value but never read
Warning (10230): Verilog HDL assignment warning at RX_code.v(58): truncated value with size 32 to match size of target (13)
Warning (10230): Verilog HDL assignment warning at RX_code.v(78): truncated value with size 32 to match size of target (13)
Warning (10230): Verilog HDL assignment warning at RX_code.v(93): truncated value with size 32 to match size of target (21)
Warning (10230): Verilog HDL assignment warning at RX_code.v(103): truncated value with size 32 to match size of target (5)
Warning (10230): Verilog HDL assignment warning at RX_code.v(113): truncated value with size 32 to match size of target (5)
Info (12128): Elaborating entity "ram_128x32" for hierarchy "rs232:f_rs232|RX_code:rx|ram_128x32:RAM"
Info (12128): Elaborating entity "AES" for hierarchy "rs232:f_rs232|RX_code:rx|ram_128x32:RAM|AES:aes"
Info (12128): Elaborating entity "AES_Encrypt" for hierarchy "rs232:f_rs232|RX_code:rx|ram_128x32:RAM|AES:aes|AES_Encrypt:a"
Info (12128): Elaborating entity "keyExpansion" for hierarchy "rs232:f_rs232|RX_code:rx|ram_128x32:RAM|AES:aes|AES_Encrypt:a|keyExpansion:ke"
Info (12128): Elaborating entity "addRoundKey" for hierarchy "rs232:f_rs232|RX_code:rx|ram_128x32:RAM|AES:aes|AES_Encrypt:a|addRoundKey:addrk1"
Info (12128): Elaborating entity "encryptRound" for hierarchy "rs232:f_rs232|RX_code:rx|ram_128x32:RAM|AES:aes|AES_Encrypt:a|encryptRound:loop[1].er"
Info (12128): Elaborating entity "subBytes" for hierarchy "rs232:f_rs232|RX_code:rx|ram_128x32:RAM|AES:aes|AES_Encrypt:a|encryptRound:loop[1].er|subBytes:s"
Info (12128): Elaborating entity "sbox" for hierarchy "rs232:f_rs232|RX_code:rx|ram_128x32:RAM|AES:aes|AES_Encrypt:a|encryptRound:loop[1].er|subBytes:s|sbox:sub_Bytes[0].s"
Info (12128): Elaborating entity "shiftRows" for hierarchy "rs232:f_rs232|RX_code:rx|ram_128x32:RAM|AES:aes|AES_Encrypt:a|encryptRound:loop[1].er|shiftRows:r"
Info (12128): Elaborating entity "mixColumns" for hierarchy "rs232:f_rs232|RX_code:rx|ram_128x32:RAM|AES:aes|AES_Encrypt:a|encryptRound:loop[1].er|mixColumns:m"
Info (12128): Elaborating entity "AES_Decrypt" for hierarchy "rs232:f_rs232|RX_code:rx|ram_128x32:RAM|AES:aes|AES_Decrypt:a2"
Info (12128): Elaborating entity "decryptRound" for hierarchy "rs232:f_rs232|RX_code:rx|ram_128x32:RAM|AES:aes|AES_Decrypt:a2|decryptRound:loop[1].dr"
Info (12128): Elaborating entity "inverseShiftRows" for hierarchy "rs232:f_rs232|RX_code:rx|ram_128x32:RAM|AES:aes|AES_Decrypt:a2|decryptRound:loop[1].dr|inverseShiftRows:r"
Info (12128): Elaborating entity "inverseSubBytes" for hierarchy "rs232:f_rs232|RX_code:rx|ram_128x32:RAM|AES:aes|AES_Decrypt:a2|decryptRound:loop[1].dr|inverseSubBytes:s"
Info (12128): Elaborating entity "inverseSbox" for hierarchy "rs232:f_rs232|RX_code:rx|ram_128x32:RAM|AES:aes|AES_Decrypt:a2|decryptRound:loop[1].dr|inverseSubBytes:s|inverseSbox:sub_Bytes[0].s"
Info (12128): Elaborating entity "inverseMixColumns" for hierarchy "rs232:f_rs232|RX_code:rx|ram_128x32:RAM|AES:aes|AES_Decrypt:a2|decryptRound:loop[1].dr|inverseMixColumns:m"
Info (12128): Elaborating entity "altsyncram" for hierarchy "rs232:f_rs232|RX_code:rx|ram_128x32:RAM|altsyncram:ram[0][31]__1"
Info (12130): Elaborated megafunction instantiation "rs232:f_rs232|RX_code:rx|ram_128x32:RAM|altsyncram:ram[0][31]__1"
Info (12133): Instantiated megafunction "rs232:f_rs232|RX_code:rx|ram_128x32:RAM|altsyncram:ram[0][31]__1" with the following parameter:
    Info (12134): Parameter "OPERATION_MODE" = "DUAL_PORT"
    Info (12134): Parameter "WIDTH_A" = "32"
    Info (12134): Parameter "WIDTHAD_A" = "7"
    Info (12134): Parameter "NUMWORDS_A" = "128"
    Info (12134): Parameter "WIDTH_B" = "32"
    Info (12134): Parameter "WIDTHAD_B" = "7"
    Info (12134): Parameter "NUMWORDS_B" = "128"
    Info (12134): Parameter "ADDRESS_ACLR_A" = "NONE"
    Info (12134): Parameter "OUTDATA_REG_B" = "UNREGISTERED"
    Info (12134): Parameter "ADDRESS_ACLR_B" = "NONE"
    Info (12134): Parameter "OUTDATA_ACLR_B" = "NONE"
    Info (12134): Parameter "ADDRESS_REG_B" = "CLOCK1"
    Info (12134): Parameter "INDATA_ACLR_A" = "NONE"
    Info (12134): Parameter "WRCONTROL_ACLR_A" = "NONE"
Info (12021): Found 1 design units, including 1 entities, in source file db/altsyncram_brd1.tdf
    Info (12023): Found entity 1: altsyncram_brd1
Info (12128): Elaborating entity "altsyncram_brd1" for hierarchy "rs232:f_rs232|RX_code:rx|ram_128x32:RAM|altsyncram:ram[0][31]__1|altsyncram_brd1:auto_generated"
Info (12128): Elaborating entity "TX_code" for hierarchy "rs232:f_rs232|TX_code:tx"
Warning (10230): Verilog HDL assignment warning at TX_code.v(68): truncated value with size 32 to match size of target (13)
Warning (10230): Verilog HDL assignment warning at TX_code.v(88): truncated value with size 32 to match size of target (5)
Warning (10230): Verilog HDL assignment warning at TX_code.v(105): truncated value with size 32 to match size of target (5)
Warning (13024): Output pins are stuck at VCC or GND
    Warning (13410): Pin "HEX0[0]" is stuck at GND
    Warning (13410): Pin "HEX0[1]" is stuck at GND
    Warning (13410): Pin "HEX0[2]" is stuck at GND
    Warning (13410): Pin "HEX0[3]" is stuck at GND
    Warning (13410): Pin "HEX0[4]" is stuck at GND
    Warning (13410): Pin "HEX0[5]" is stuck at GND
    Warning (13410): Pin "HEX0[6]" is stuck at GND
    Warning (13410): Pin "HEX1[0]" is stuck at GND
    Warning (13410): Pin "HEX1[1]" is stuck at GND
    Warning (13410): Pin "HEX1[2]" is stuck at GND
    Warning (13410): Pin "HEX1[3]" is stuck at GND
    Warning (13410): Pin "HEX1[4]" is stuck at GND
    Warning (13410): Pin "HEX1[5]" is stuck at GND
    Warning (13410): Pin "HEX1[6]" is stuck at GND
    Warning (13410): Pin "HEX2[0]" is stuck at GND
    Warning (13410): Pin "HEX2[1]" is stuck at GND
    Warning (13410): Pin "HEX2[2]" is stuck at GND
    Warning (13410): Pin "HEX2[3]" is stuck at GND
    Warning (13410): Pin "HEX2[4]" is stuck at GND
    Warning (13410): Pin "HEX2[5]" is stuck at GND
    Warning (13410): Pin "HEX2[6]" is stuck at GND
    Warning (13410): Pin "HEX3[0]" is stuck at GND
    Warning (13410): Pin "HEX3[1]" is stuck at GND
    Warning (13410): Pin "HEX3[2]" is stuck at GND
    Warning (13410): Pin "HEX3[3]" is stuck at GND
    Warning (13410): Pin "HEX3[4]" is stuck at GND
    Warning (13410): Pin "HEX3[5]" is stuck at GND
    Warning (13410): Pin "HEX3[6]" is stuck at GND
    Warning (13410): Pin "LED[8]" is stuck at GND
    Warning (13410): Pin "LED[9]" is stuck at GND
Info (286030): Timing-Driven Synthesis is running
Info (17049): 8 registers lost all their fanouts during netlist optimizations.
Info (144001): Generated suppressed messages file E:/user/just/Documents/GitHub/rs232_AES/de0/output_files/mcu.map.smsg
Info (16010): Generating hard_block partition "hard_block:auto_generated_inst"
    Info (16011): Adding 0 node(s), including 0 DDIO, 0 PLL, 0 transceiver and 0 LCELL
Warning (21074): Design contains 9 input pin(s) that do not drive logic
    Warning (15610): No output dependent on input pin "SW[3]"
    Warning (15610): No output dependent on input pin "SW[4]"
    Warning (15610): No output dependent on input pin "SW[5]"
    Warning (15610): No output dependent on input pin "SW[6]"
    Warning (15610): No output dependent on input pin "SW[7]"
    Warning (15610): No output dependent on input pin "SW[8]"
    Warning (15610): No output dependent on input pin "SW[9]"
    Warning (15610): No output dependent on input pin "BTN[1]"
    Warning (15610): No output dependent on input pin "BTN[2]"
Info (21057): Implemented 384 device resources after synthesis - the final resource count might be different
    Info (21058): Implemented 15 input pins
    Info (21059): Implemented 39 output pins
    Info (21061): Implemented 298 logic cells
    Info (21064): Implemented 32 RAM segments
Info: Quartus II 64-Bit Analysis & Synthesis was successful. 0 errors, 61 warnings
    Info: Peak virtual memory: 4714 megabytes
    Info: Processing ended: Sat Oct 01 23:00:16 2022
    Info: Elapsed time: 00:00:04
    Info: Total CPU time (on all processors): 00:00:04


+------------------------------------------+
; Analysis & Synthesis Suppressed Messages ;
+------------------------------------------+
The suppressed messages can be found in E:/user/just/Documents/GitHub/rs232_AES/de0/output_files/mcu.map.smsg.


